2026-05-26 12:36:02,936 | INFO | Starting ENHANCED data quality analysis
2026-05-26 12:36:02,937 | INFO | Features: DB connectivity, Multi-format support, Dashboard, Aggregation, Newline fixing
2026-05-26 12:36:02,937 | INFO | Loading input file: electricity_board_anomalies.json
2026-05-26 12:36:03,059 | INFO | Loaded dataset with 1500 rows and 8 columns
2026-05-26 12:36:03,059 | INFO | Calculating baseline quality score on original data...
2026-05-26 12:36:03,214 | INFO | Good records: 360, Bad records: 1140
2026-05-26 12:36:03,228 | INFO | Baseline quality score: 24.00%
2026-05-26 12:36:03,408 | INFO | Good records: 360, Bad records: 1140
2026-05-26 12:36:03,498 | INFO | Good records file created: 360 clean records
2026-05-26 12:36:03,528 | INFO | Skipping empty bad records file for category: duplicates
2026-05-26 12:36:03,528 | INFO | Skipping empty bad records file for category: duplicate_primary_keys
2026-05-26 12:36:03,541 | INFO | Skipping empty bad records file for category: mixed_types
2026-05-26 12:36:03,542 | INFO | Skipping empty bad records file for category: invalid_dates
2026-05-26 12:36:03,548 | INFO | Skipping empty bad records file for category: negative_values
2026-05-26 12:36:03,548 | INFO | Skipping empty bad records file for category: special_characters
2026-05-26 12:36:03,548 | INFO | Skipping empty bad records file for category: missing_mandatory_columns
2026-05-26 12:36:03,549 | INFO | Skipping empty bad records file for category: mandatory_field_violations
2026-05-26 12:36:03,549 | INFO | Skipping empty bad records file for category: datatype_violations
2026-05-26 12:36:03,549 | INFO | Skipping empty bad records file for category: range_violations
2026-05-26 12:36:03,555 | INFO | Skipping empty bad records file for category: allowed_value_violations
2026-05-26 12:36:03,555 | INFO | Skipping empty bad records file for category: referential_integrity
2026-05-26 12:36:03,555 | INFO | Skipping empty bad records file for category: business_rule_violations
2026-05-26 12:36:03,555 | INFO | Bad record files: 4 created, 13 skipped (no issues found)
2026-05-26 12:36:03,557 | WARNING | Excel export skipped or failed: No module named 'openpyxl'
2026-05-26 12:36:03,569 | INFO | Aggregated metrics saved
2026-05-26 12:36:03,596 | INFO | Executive summary report generated
2026-05-26 12:36:03,596 | INFO | Generating executive dashboard...
2026-05-26 12:36:03,610 | INFO | Executive dashboard saved to: dq_output_electricity_working\dq_executive_dashboard.html
2026-05-26 12:36:03,614 | INFO | Data quality analysis completed successfully
