2026-05-26 12:22:27,078 | INFO | Starting ENHANCED data quality analysis
2026-05-26 12:22:27,079 | INFO | Features: DB connectivity, Multi-format support, Dashboard, Aggregation, Newline fixing
2026-05-26 12:22:27,080 | INFO | Loading input file: electricity_board_anomalies.json
2026-05-26 12:22:27,208 | INFO | Loaded dataset with 1500 rows and 8 columns
2026-05-26 12:22:27,209 | INFO | Calculating baseline quality score on original data...
2026-05-26 12:22:27,369 | INFO | Good records: 360, Bad records: 1140
2026-05-26 12:22:27,378 | INFO | Baseline quality score: 24.00%
2026-05-26 12:22:27,652 | INFO | Good records: 360, Bad records: 1140
2026-05-26 12:22:27,869 | INFO | Good records file created: 360 clean records
2026-05-26 12:22:28,104 | INFO | Skipping empty bad records file for category: duplicates
2026-05-26 12:22:28,120 | INFO | Skipping empty bad records file for category: duplicate_primary_keys
2026-05-26 12:22:28,170 | INFO | Skipping empty bad records file for category: mixed_types
2026-05-26 12:22:28,179 | INFO | Skipping empty bad records file for category: invalid_dates
2026-05-26 12:22:28,192 | INFO | Skipping empty bad records file for category: negative_values
2026-05-26 12:22:28,192 | INFO | Skipping empty bad records file for category: special_characters
2026-05-26 12:22:28,193 | INFO | Skipping empty bad records file for category: missing_mandatory_columns
2026-05-26 12:22:28,195 | INFO | Skipping empty bad records file for category: mandatory_field_violations
2026-05-26 12:22:28,195 | INFO | Skipping empty bad records file for category: datatype_violations
2026-05-26 12:22:28,195 | INFO | Skipping empty bad records file for category: range_violations
2026-05-26 12:22:28,216 | INFO | Skipping empty bad records file for category: allowed_value_violations
2026-05-26 12:22:28,216 | INFO | Skipping empty bad records file for category: referential_integrity
2026-05-26 12:22:28,217 | INFO | Skipping empty bad records file for category: business_rule_violations
2026-05-26 12:22:28,217 | INFO | Bad record files: 4 created, 13 skipped (no issues found)
2026-05-26 12:22:28,221 | WARNING | Excel export skipped or failed: No module named 'openpyxl'
2026-05-26 12:22:28,229 | INFO | Aggregated metrics saved
2026-05-26 12:22:28,253 | INFO | Executive summary report generated
2026-05-26 12:22:28,254 | INFO | Generating executive dashboard...
2026-05-26 12:22:28,268 | INFO | Executive dashboard saved to: dq_output_electricity_fixed\dq_executive_dashboard.html
2026-05-26 12:22:28,272 | INFO | Data quality analysis completed successfully
