2026-05-26 11:58:51,470 | INFO | Starting ENHANCED data quality analysis
2026-05-26 11:58:51,470 | INFO | Features: DB connectivity, Multi-format support, Dashboard, Aggregation, Newline fixing
2026-05-26 11:58:51,471 | INFO | Loading input file: electricity_board_anomalies.json
2026-05-26 11:58:51,536 | INFO | Loaded dataset with 1500 rows and 8 columns
2026-05-26 11:58:51,536 | INFO | Calculating baseline quality score on original data...
2026-05-26 11:58:51,611 | INFO | Good records: 360, Bad records: 1140
2026-05-26 11:58:51,620 | INFO | Baseline quality score: 24.00%
2026-05-26 11:58:51,712 | INFO | Good records: 360, Bad records: 1140
2026-05-26 11:58:51,774 | INFO | Good records file created: 360 clean records
2026-05-26 11:58:51,797 | INFO | Skipping empty bad records file for category: duplicates
2026-05-26 11:58:51,797 | INFO | Skipping empty bad records file for category: duplicate_primary_keys
2026-05-26 11:58:51,804 | INFO | Skipping empty bad records file for category: mixed_types
2026-05-26 11:58:51,804 | INFO | Skipping empty bad records file for category: invalid_dates
2026-05-26 11:58:51,807 | INFO | Skipping empty bad records file for category: negative_values
2026-05-26 11:58:51,807 | INFO | Skipping empty bad records file for category: special_characters
2026-05-26 11:58:51,807 | INFO | Skipping empty bad records file for category: missing_mandatory_columns
2026-05-26 11:58:51,807 | INFO | Skipping empty bad records file for category: mandatory_field_violations
2026-05-26 11:58:51,808 | INFO | Skipping empty bad records file for category: datatype_violations
2026-05-26 11:58:51,808 | INFO | Skipping empty bad records file for category: range_violations
2026-05-26 11:58:51,811 | INFO | Skipping empty bad records file for category: allowed_value_violations
2026-05-26 11:58:51,812 | INFO | Skipping empty bad records file for category: referential_integrity
2026-05-26 11:58:51,812 | INFO | Skipping empty bad records file for category: business_rule_violations
2026-05-26 11:58:51,812 | INFO | Bad record files: 4 created, 13 skipped (no issues found)
2026-05-26 11:58:51,813 | WARNING | Excel export skipped or failed: No module named 'openpyxl'
2026-05-26 11:58:51,817 | INFO | Aggregated metrics saved
2026-05-26 11:58:51,825 | INFO | Executive summary report generated
2026-05-26 11:58:51,826 | INFO | Generating executive dashboard...
2026-05-26 11:58:51,838 | INFO | Executive dashboard saved to: dq_output_electricity_final\dq_executive_dashboard.html
2026-05-26 11:58:51,841 | INFO | Data quality analysis completed successfully
