2026-05-25 17:37:42,360 | INFO | Starting ENHANCED data quality analysis
2026-05-25 17:37:42,363 | INFO | Features: DB connectivity, Multi-format support, Dashboard, Aggregation, Newline fixing
2026-05-25 17:37:42,365 | INFO | Loading Ab Initio DAT file with DML...
2026-05-25 17:37:42,365 | INFO |   DAT file: sample_employee_data.dat
2026-05-25 17:37:42,366 | INFO |   DML file: sample_customer.dml
2026-05-25 17:37:42,367 | INFO | Parsing DML file: sample_customer.dml
2026-05-25 17:37:42,380 | INFO | DML parsed successfully:
2026-05-25 17:37:42,380 | INFO |   Fields: 4
2026-05-25 17:37:42,382 | INFO |   Field delimiter: ','
2026-05-25 17:37:42,384 | INFO |   Record delimiter: '\r\n'
2026-05-25 17:37:42,385 | INFO |   Columns: ['customer_id', 'name', 'email', 'country']
2026-05-25 17:37:42,388 | INFO |   Nullable fields: 0
2026-05-25 17:37:42,389 | INFO |   Mandatory fields: 4
2026-05-25 17:37:42,391 | INFO | Loading DAT file: sample_employee_data.dat
2026-05-25 17:37:42,446 | INFO | DAT file loaded successfully: 11 rows, 4 columns
2026-05-25 17:37:42,447 | INFO | Ab Initio DAT file loaded successfully
2026-05-25 17:37:42,449 | INFO | Loaded dataset with 11 rows and 4 columns
2026-05-25 17:37:42,449 | INFO | Applying data cleansing...
2026-05-25 17:37:42,462 | INFO | Starting data cleansing process...
2026-05-25 17:37:42,508 | INFO | Data cleansing completed: 0 operations, 0 total records affected
2026-05-25 17:37:42,512 | INFO | Original records: 11, Cleansed records: 11
2026-05-25 17:37:42,514 | INFO | Data cleansing completed. Records: 11 -> 11
2026-05-25 17:37:42,561 | INFO | Cleansed data saved to: dq_output_employee\cleansed_data.csv
2026-05-25 17:37:42,776 | INFO | Good records: 0, Bad records: 33
2026-05-25 17:37:42,964 | INFO | Skipping empty file: good_records.csv
2026-05-25 17:37:42,985 | INFO | Skipping empty bad records file for category: duplicates
2026-05-25 17:37:42,985 | INFO | Skipping empty bad records file for category: duplicate_primary_keys
2026-05-25 17:37:42,987 | INFO | Skipping empty bad records file for category: outliers
2026-05-25 17:37:42,988 | INFO | Skipping empty bad records file for category: mixed_types
2026-05-25 17:37:42,988 | INFO | Skipping empty bad records file for category: invalid_dates
2026-05-25 17:37:42,989 | INFO | Skipping empty bad records file for category: invalid_emails
2026-05-25 17:37:42,991 | INFO | Skipping empty bad records file for category: negative_values
2026-05-25 17:37:42,996 | INFO | Skipping empty bad records file for category: special_characters
2026-05-25 17:37:43,000 | INFO | Skipping empty bad records file for category: missing_mandatory_columns
2026-05-25 17:37:43,001 | INFO | Skipping empty bad records file for category: mandatory_field_violations
2026-05-25 17:37:43,001 | INFO | Skipping empty bad records file for category: datatype_violations
2026-05-25 17:37:43,002 | INFO | Skipping empty bad records file for category: range_violations
2026-05-25 17:37:43,002 | INFO | Skipping empty bad records file for category: pattern_violations
2026-05-25 17:37:43,004 | INFO | Skipping empty bad records file for category: allowed_value_violations
2026-05-25 17:37:43,005 | INFO | Skipping empty bad records file for category: referential_integrity
2026-05-25 17:37:43,005 | INFO | Skipping empty bad records file for category: business_rule_violations
2026-05-25 17:37:43,008 | INFO | Bad record files: 1 created, 16 skipped (no issues found)
2026-05-25 17:37:43,019 | WARNING | Excel export skipped or failed: No module named 'openpyxl'
2026-05-25 17:37:43,034 | INFO | Aggregated metrics saved
2026-05-25 17:37:43,035 | INFO | Generating quality dashboard...
2026-05-25 17:37:50,442 | INFO | Dashboard saved to: dq_output_employee\dq_dashboard.html
2026-05-25 17:37:55,172 | INFO | Static charts saved to: dq_output_employee\charts
2026-05-25 17:37:55,238 | INFO | Executive summary report generated
2026-05-25 17:37:55,241 | INFO | Generating executive dashboard...
2026-05-25 17:37:55,257 | INFO | Executive dashboard saved to: dq_output_employee\dq_executive_dashboard.html
2026-05-25 17:37:55,314 | INFO | Data quality analysis completed successfully
2026-05-25 17:40:50,698 | INFO | Starting ENHANCED data quality analysis
2026-05-25 17:40:50,699 | INFO | Features: DB connectivity, Multi-format support, Dashboard, Aggregation, Newline fixing
2026-05-25 17:40:50,699 | INFO | Loading Ab Initio DAT file with DML...
2026-05-25 17:40:50,700 | INFO |   DAT file: sample_employee_data.dat
2026-05-25 17:40:50,700 | INFO |   DML file: sample_customer.dml
2026-05-25 17:40:50,701 | INFO | Parsing DML file: sample_customer.dml
2026-05-25 17:40:50,707 | INFO | DML parsed successfully:
2026-05-25 17:40:50,707 | INFO |   Fields: 4
2026-05-25 17:40:50,708 | INFO |   Field delimiter: ','
2026-05-25 17:40:50,708 | INFO |   Record delimiter: '\n'
2026-05-25 17:40:50,709 | INFO |   Columns: ['customer_id', 'name', 'email', 'country']
2026-05-25 17:40:50,709 | INFO |   Nullable fields: 0
2026-05-25 17:40:50,709 | INFO |   Mandatory fields: 4
2026-05-25 17:40:50,710 | INFO | Loading DAT file: sample_employee_data.dat
2026-05-25 17:40:50,711 | WARNING | Newline mismatch detected!
2026-05-25 17:40:50,712 | WARNING |   DML expects: '\n'
2026-05-25 17:40:50,712 | WARNING |   DAT file has: '\r\n'
2026-05-25 17:40:50,713 | WARNING |   CRLF: 11, LF: 0, CR: 0
2026-05-25 17:40:50,713 | INFO | Auto-fixing newlines to match DML specification...
2026-05-25 17:40:50,756 | INFO | Fixed newline characters in sample_employee_data.dat
2026-05-25 17:40:50,756 | INFO |   Original: CRLF=11, LF=0, CR=0
2026-05-25 17:40:50,757 | INFO |   Fixed to LF: CRLF=0, LF=11, CR=0
2026-05-25 17:40:50,757 | INFO |   Output saved to: sample_employee_data.dat.fixed_temp
2026-05-25 17:40:50,758 | INFO | Newlines fixed successfully. Using fixed file for loading.
2026-05-25 17:40:50,777 | INFO | DAT file loaded successfully: 11 rows, 4 columns
2026-05-25 17:40:50,779 | INFO | Temporary fixed file cleaned up
2026-05-25 17:40:50,779 | INFO | Ab Initio DAT file loaded successfully
2026-05-25 17:40:50,780 | INFO | Loaded dataset with 11 rows and 4 columns
2026-05-25 17:40:50,780 | INFO | Applying data cleansing...
2026-05-25 17:40:50,785 | INFO | Starting data cleansing process...
2026-05-25 17:40:50,802 | INFO | Data cleansing completed: 0 operations, 0 total records affected
2026-05-25 17:40:50,803 | INFO | Original records: 11, Cleansed records: 11
2026-05-25 17:40:50,803 | INFO | Data cleansing completed. Records: 11 -> 11
2026-05-25 17:40:50,815 | INFO | Cleansed data saved to: dq_output_employee\cleansed_data.csv
2026-05-25 17:40:50,860 | INFO | Good records: 0, Bad records: 33
2026-05-25 17:40:50,931 | INFO | Skipping empty file: good_records.csv
2026-05-25 17:40:50,938 | INFO | Skipping empty bad records file for category: duplicates
2026-05-25 17:40:50,939 | INFO | Skipping empty bad records file for category: duplicate_primary_keys
2026-05-25 17:40:50,939 | INFO | Skipping empty bad records file for category: outliers
2026-05-25 17:40:50,940 | INFO | Skipping empty bad records file for category: mixed_types
2026-05-25 17:40:50,940 | INFO | Skipping empty bad records file for category: invalid_dates
2026-05-25 17:40:50,941 | INFO | Skipping empty bad records file for category: invalid_emails
2026-05-25 17:40:50,941 | INFO | Skipping empty bad records file for category: negative_values
2026-05-25 17:40:50,942 | INFO | Skipping empty bad records file for category: special_characters
2026-05-25 17:40:50,942 | INFO | Skipping empty bad records file for category: missing_mandatory_columns
2026-05-25 17:40:50,944 | INFO | Skipping empty bad records file for category: mandatory_field_violations
2026-05-25 17:40:50,944 | INFO | Skipping empty bad records file for category: datatype_violations
2026-05-25 17:40:50,944 | INFO | Skipping empty bad records file for category: range_violations
2026-05-25 17:40:50,945 | INFO | Skipping empty bad records file for category: pattern_violations
2026-05-25 17:40:50,945 | INFO | Skipping empty bad records file for category: allowed_value_violations
2026-05-25 17:40:50,946 | INFO | Skipping empty bad records file for category: referential_integrity
2026-05-25 17:40:50,946 | INFO | Skipping empty bad records file for category: business_rule_violations
2026-05-25 17:40:50,947 | INFO | Bad record files: 1 created, 16 skipped (no issues found)
2026-05-25 17:40:50,948 | WARNING | Excel export skipped or failed: No module named 'openpyxl'
2026-05-25 17:40:50,952 | INFO | Aggregated metrics saved
2026-05-25 17:40:50,953 | INFO | Generating quality dashboard...
2026-05-25 17:40:51,868 | INFO | Dashboard saved to: dq_output_employee\dq_dashboard.html
2026-05-25 17:40:53,198 | INFO | Static charts saved to: dq_output_employee\charts
2026-05-25 17:40:53,210 | INFO | Executive summary report generated
2026-05-25 17:40:53,211 | INFO | Generating executive dashboard...
2026-05-25 17:40:53,217 | INFO | Executive dashboard saved to: dq_output_employee\dq_executive_dashboard.html
2026-05-25 17:40:53,225 | INFO | Data quality analysis completed successfully
2026-05-25 17:43:00,668 | INFO | Starting ENHANCED data quality analysis
2026-05-25 17:43:00,670 | INFO | Features: DB connectivity, Multi-format support, Dashboard, Aggregation, Newline fixing
2026-05-25 17:43:00,670 | INFO | Loading Ab Initio DAT file with DML...
2026-05-25 17:43:00,670 | INFO |   DAT file: sample_employee_data.dat
2026-05-25 17:43:00,670 | INFO |   DML file: employee.dml
2026-05-25 17:43:00,670 | INFO | Parsing DML file: employee.dml
2026-05-25 17:43:00,678 | INFO | DML parsed successfully:
2026-05-25 17:43:00,678 | INFO |   Fields: 10
2026-05-25 17:43:00,678 | INFO |   Field delimiter: '\n'
2026-05-25 17:43:00,679 | INFO |   Record delimiter: '\n'
2026-05-25 17:43:00,679 | INFO |   Columns: ['EMP_ID', 'EMP_ID', 'EMP_NAME', 'EMP_NAME', 'DEPARTMENT', 'DEPARTMENT', 'SALARY', 'SALARY', 'JOIN_DATE', 'JOIN_DATE']
2026-05-25 17:43:00,679 | INFO |   Nullable fields: 0
2026-05-25 17:43:00,679 | INFO |   Mandatory fields: 10
2026-05-25 17:43:00,679 | INFO | Loading DAT file: sample_employee_data.dat
2026-05-25 17:43:00,680 | WARNING | Newline mismatch detected!
2026-05-25 17:43:00,681 | WARNING |   DML expects: '\n'
2026-05-25 17:43:00,681 | WARNING |   DAT file has: '\r\n'
2026-05-25 17:43:00,681 | WARNING |   CRLF: 11, LF: 0, CR: 0
2026-05-25 17:43:00,681 | INFO | Auto-fixing newlines to match DML specification...
2026-05-25 17:43:00,688 | INFO | Fixed newline characters in sample_employee_data.dat
2026-05-25 17:43:00,690 | INFO |   Original: CRLF=11, LF=0, CR=0
2026-05-25 17:43:00,690 | INFO |   Fixed to LF: CRLF=0, LF=11, CR=0
2026-05-25 17:43:00,690 | INFO |   Output saved to: sample_employee_data.dat.fixed_temp
2026-05-25 17:43:00,690 | INFO | Newlines fixed successfully. Using fixed file for loading.
2026-05-25 17:43:00,691 | ERROR | Error loading DAT file: Specified \n as separator or delimiter. This forces the python engine which does not accept a line terminator. Hence it is not allowed to use the line terminator as separator.
2026-05-25 17:43:00,691 | ERROR | Data quality analysis failed: Specified \n as separator or delimiter. This forces the python engine which does not accept a line terminator. Hence it is not allowed to use the line terminator as separator.
2026-05-25 17:43:00,699 | ERROR | Traceback (most recent call last):
  File "C:\Users\IshikaRamteke\.bob\IBM-BOB\DQ_Analysis_code\data_quality_analysis.py", line 3544, in main
    df = load_dat_file_with_dml(args.input_file, dml_info, auto_fix_newlines=True)
         ^^^^^^^^^^^^^^^^^^^^^^^^^^^^^^^^^^^^^^^^^^^^^^^^^^^^^^^^^^^^^^^^^^^^^^^^^
  File "C:\Users\IshikaRamteke\.bob\IBM-BOB\DQ_Analysis_code\data_quality_analysis.py", line 371, in load_dat_file_with_dml
    df = pd.read_csv(
         ^^^^^^^^^^^^
  File "C:\Users\IshikaRamteke\AppData\Local\Programs\Python\Python312\Lib\site-packages\pandas\io\parsers\readers.py", line 861, in read_csv
    kwds_defaults = _refine_defaults_read(
                    ^^^^^^^^^^^^^^^^^^^^^^
  File "C:\Users\IshikaRamteke\AppData\Local\Programs\Python\Python312\Lib\site-packages\pandas\io\parsers\readers.py", line 2228, in _refine_defaults_read
    raise ValueError(
ValueError: Specified \n as separator or delimiter. This forces the python engine which does not accept a line terminator. Hence it is not allowed to use the line terminator as separator.

2026-05-25 17:43:29,634 | INFO | Starting ENHANCED data quality analysis
2026-05-25 17:43:29,635 | INFO | Features: DB connectivity, Multi-format support, Dashboard, Aggregation, Newline fixing
2026-05-25 17:43:29,635 | ERROR | Data quality analysis failed: DML file (--dml-file) is required for .dat files
2026-05-25 17:43:29,641 | ERROR | Traceback (most recent call last):
  File "C:\Users\IshikaRamteke\.bob\IBM-BOB\DQ_Analysis_code\data_quality_analysis.py", line 3534, in main
    raise ValueError("DML file (--dml-file) is required for .dat files")
ValueError: DML file (--dml-file) is required for .dat files

2026-05-25 17:46:40,613 | INFO | Starting ENHANCED data quality analysis
2026-05-25 17:46:40,614 | INFO | Features: DB connectivity, Multi-format support, Dashboard, Aggregation, Newline fixing
2026-05-25 17:46:40,615 | INFO | Loading input file: sample_employee_data.dat
2026-05-25 17:46:40,615 | INFO | Loading .dat file as delimited text: sample_employee_data.dat
2026-05-25 17:46:40,840 | INFO | Loaded dataset with 10 rows and 1 columns
2026-05-25 17:46:41,076 | INFO | All 10 records are clean (no issues found)
2026-05-25 17:46:41,443 | INFO | Good records file created: 10 clean records
2026-05-25 17:46:41,444 | INFO | Skipping empty file: dq_all_bad_records.csv
2026-05-25 17:46:41,445 | INFO | Skipping empty bad records file for category: null_blank
2026-05-25 17:46:41,445 | INFO | Skipping empty bad records file for category: duplicates
2026-05-25 17:46:41,445 | INFO | Skipping empty bad records file for category: duplicate_primary_keys
2026-05-25 17:46:41,445 | INFO | Skipping empty bad records file for category: outliers
2026-05-25 17:46:41,445 | INFO | Skipping empty bad records file for category: mixed_types
2026-05-25 17:46:41,447 | INFO | Skipping empty bad records file for category: invalid_dates
2026-05-25 17:46:41,448 | INFO | Skipping empty bad records file for category: invalid_emails
2026-05-25 17:46:41,448 | INFO | Skipping empty bad records file for category: negative_values
2026-05-25 17:46:41,448 | INFO | Skipping empty bad records file for category: special_characters
2026-05-25 17:46:41,449 | INFO | Skipping empty bad records file for category: missing_mandatory_columns
2026-05-25 17:46:41,449 | INFO | Skipping empty bad records file for category: mandatory_field_violations
2026-05-25 17:46:41,449 | INFO | Skipping empty bad records file for category: datatype_violations
2026-05-25 17:46:41,450 | INFO | Skipping empty bad records file for category: range_violations
2026-05-25 17:46:41,450 | INFO | Skipping empty bad records file for category: pattern_violations
2026-05-25 17:46:41,450 | INFO | Skipping empty bad records file for category: allowed_value_violations
2026-05-25 17:46:41,450 | INFO | Skipping empty bad records file for category: referential_integrity
2026-05-25 17:46:41,451 | INFO | Skipping empty bad records file for category: business_rule_violations
2026-05-25 17:46:41,451 | INFO | Bad record files: 0 created, 17 skipped (no issues found)
2026-05-25 17:46:41,455 | WARNING | Excel export skipped or failed: No module named 'openpyxl'
2026-05-25 17:46:41,470 | INFO | Aggregated metrics saved
2026-05-25 17:46:41,471 | INFO | Generating quality dashboard...
2026-05-25 17:46:46,829 | INFO | Dashboard saved to: dq_output_employee\dq_dashboard.html
2026-05-25 17:46:49,806 | INFO | Static charts saved to: dq_output_employee\charts
2026-05-25 17:46:49,822 | INFO | Executive summary report generated
2026-05-25 17:46:49,822 | INFO | Generating executive dashboard...
2026-05-25 17:46:49,829 | INFO | Executive dashboard saved to: dq_output_employee\dq_executive_dashboard.html
2026-05-25 17:46:49,835 | INFO | Data quality analysis completed successfully
2026-05-25 17:48:21,141 | INFO | Starting ENHANCED data quality analysis
2026-05-25 17:48:21,141 | INFO | Features: DB connectivity, Multi-format support, Dashboard, Aggregation, Newline fixing
2026-05-25 17:48:21,142 | INFO | Loading input file: sample_employee_data.dat
2026-05-25 17:48:21,142 | INFO | Loading .dat file as delimited text: sample_employee_data.dat
2026-05-25 17:48:21,143 | INFO | Auto-detected delimiter: '|'
2026-05-25 17:48:21,155 | INFO | Loaded dataset with 10 rows and 1 columns
2026-05-25 17:48:21,174 | INFO | All 10 records are clean (no issues found)
2026-05-25 17:48:21,251 | INFO | Good records file created: 10 clean records
2026-05-25 17:48:21,251 | INFO | Skipping empty file: dq_all_bad_records.csv
2026-05-25 17:48:21,251 | INFO | Skipping empty bad records file for category: null_blank
2026-05-25 17:48:21,252 | INFO | Skipping empty bad records file for category: duplicates
2026-05-25 17:48:21,252 | INFO | Skipping empty bad records file for category: duplicate_primary_keys
2026-05-25 17:48:21,252 | INFO | Skipping empty bad records file for category: outliers
2026-05-25 17:48:21,252 | INFO | Skipping empty bad records file for category: mixed_types
2026-05-25 17:48:21,252 | INFO | Skipping empty bad records file for category: invalid_dates
2026-05-25 17:48:21,252 | INFO | Skipping empty bad records file for category: invalid_emails
2026-05-25 17:48:21,253 | INFO | Skipping empty bad records file for category: negative_values
2026-05-25 17:48:21,253 | INFO | Skipping empty bad records file for category: special_characters
2026-05-25 17:48:21,253 | INFO | Skipping empty bad records file for category: missing_mandatory_columns
2026-05-25 17:48:21,253 | INFO | Skipping empty bad records file for category: mandatory_field_violations
2026-05-25 17:48:21,253 | INFO | Skipping empty bad records file for category: datatype_violations
2026-05-25 17:48:21,253 | INFO | Skipping empty bad records file for category: range_violations
2026-05-25 17:48:21,253 | INFO | Skipping empty bad records file for category: pattern_violations
2026-05-25 17:48:21,253 | INFO | Skipping empty bad records file for category: allowed_value_violations
2026-05-25 17:48:21,254 | INFO | Skipping empty bad records file for category: referential_integrity
2026-05-25 17:48:21,254 | INFO | Skipping empty bad records file for category: business_rule_violations
2026-05-25 17:48:21,254 | INFO | Bad record files: 0 created, 17 skipped (no issues found)
2026-05-25 17:48:21,256 | WARNING | Excel export skipped or failed: No module named 'openpyxl'
2026-05-25 17:48:21,263 | INFO | Aggregated metrics saved
2026-05-25 17:48:21,263 | INFO | Generating quality dashboard...
2026-05-25 17:48:22,490 | INFO | Dashboard saved to: dq_output_employee\dq_dashboard.html
2026-05-25 17:48:25,871 | INFO | Static charts saved to: dq_output_employee\charts
2026-05-25 17:48:25,897 | INFO | Executive summary report generated
2026-05-25 17:48:25,898 | INFO | Generating executive dashboard...
2026-05-25 17:48:25,910 | INFO | Executive dashboard saved to: dq_output_employee\dq_executive_dashboard.html
2026-05-25 17:48:25,916 | INFO | Data quality analysis completed successfully
2026-05-25 17:49:30,157 | INFO | Starting ENHANCED data quality analysis
2026-05-25 17:49:30,158 | INFO | Features: DB connectivity, Multi-format support, Dashboard, Aggregation, Newline fixing
2026-05-25 17:49:30,158 | INFO | Loading input file: sample_employee_data.dat
2026-05-25 17:49:30,158 | INFO | Loading .dat file as delimited text: sample_employee_data.dat
2026-05-25 17:49:30,168 | INFO | Loaded dataset with 10 rows and 1 columns
2026-05-25 17:49:30,189 | INFO | All 10 records are clean (no issues found)
2026-05-25 17:49:30,251 | INFO | Good records file created: 10 clean records
2026-05-25 17:49:30,251 | INFO | Skipping empty file: dq_all_bad_records.csv
2026-05-25 17:49:30,251 | INFO | Skipping empty bad records file for category: null_blank
2026-05-25 17:49:30,251 | INFO | Skipping empty bad records file for category: duplicates
2026-05-25 17:49:30,252 | INFO | Skipping empty bad records file for category: duplicate_primary_keys
2026-05-25 17:49:30,252 | INFO | Skipping empty bad records file for category: outliers
2026-05-25 17:49:30,252 | INFO | Skipping empty bad records file for category: mixed_types
2026-05-25 17:49:30,252 | INFO | Skipping empty bad records file for category: invalid_dates
2026-05-25 17:49:30,252 | INFO | Skipping empty bad records file for category: invalid_emails
2026-05-25 17:49:30,252 | INFO | Skipping empty bad records file for category: negative_values
2026-05-25 17:49:30,252 | INFO | Skipping empty bad records file for category: special_characters
2026-05-25 17:49:30,252 | INFO | Skipping empty bad records file for category: missing_mandatory_columns
2026-05-25 17:49:30,252 | INFO | Skipping empty bad records file for category: mandatory_field_violations
2026-05-25 17:49:30,252 | INFO | Skipping empty bad records file for category: datatype_violations
2026-05-25 17:49:30,252 | INFO | Skipping empty bad records file for category: range_violations
2026-05-25 17:49:30,252 | INFO | Skipping empty bad records file for category: pattern_violations
2026-05-25 17:49:30,252 | INFO | Skipping empty bad records file for category: allowed_value_violations
2026-05-25 17:49:30,252 | INFO | Skipping empty bad records file for category: referential_integrity
2026-05-25 17:49:30,252 | INFO | Skipping empty bad records file for category: business_rule_violations
2026-05-25 17:49:30,252 | INFO | Bad record files: 0 created, 17 skipped (no issues found)
2026-05-25 17:49:30,253 | WARNING | Excel export skipped or failed: No module named 'openpyxl'
2026-05-25 17:49:30,258 | INFO | Aggregated metrics saved
2026-05-25 17:49:30,259 | INFO | Generating quality dashboard...
2026-05-25 17:49:30,908 | INFO | Dashboard saved to: dq_output_employee\dq_dashboard.html
2026-05-25 17:49:31,907 | INFO | Static charts saved to: dq_output_employee\charts
2026-05-25 17:49:31,916 | INFO | Executive summary report generated
2026-05-25 17:49:31,916 | INFO | Generating executive dashboard...
2026-05-25 17:49:31,923 | INFO | Executive dashboard saved to: dq_output_employee\dq_executive_dashboard.html
2026-05-25 17:49:31,924 | INFO | Data quality analysis completed successfully
